La génération a démarré 2015-04-12 02:18:48.
     1>Projet "C:\Users\Amélie\Documents\tp2-bubbleShooter\tp2-bubbleShooter\tp2-bubbleShooter.vcxproj" sur le nœud 2 (Build cible(s)).
     1>ClCompile:
         C:\Program Files (x86)\Microsoft Visual Studio 12.0\VC\bin\CL.exe /c /ZI /nologo /W3 /WX- /Od /Oy- /D WIN32 /D _DEBUG /D _WINDOWS /D _UNICODE /D UNICODE /Gm /EHsc /RTC1 /MD /GS /fp:precise /Zc:wchar_t /Zc:forScope /Fo"Debug\\" /Fd"Debug\vc120.pdb" /Gd /TP /analyze- /errorReport:prompt bubble.cpp gameGrid.cpp main.cpp
         main.cpp
     1>c:\users\amélie\documents\tp2-bubbleshooter\tp2-bubbleshooter\main.cpp(217): warning C4101: 'hasCollided' : variable locale non référencée
     1>c:\users\amélie\documents\tp2-bubbleshooter\tp2-bubbleshooter\main.cpp(209): warning C4101: 'e' : variable locale non référencée
         Génération de code en cours...
         Compilation en cours...
         gameGrid.cpp
         bubble.cpp
         Génération de code en cours...
       Link:
         C:\Program Files (x86)\Microsoft Visual Studio 12.0\VC\bin\link.exe /ERRORREPORT:PROMPT /OUT:"C:\Users\Amélie\Documents\tp2-bubbleShooter\Debug\tp2-bubbleShooter.exe" /INCREMENTAL /NOLOGO ..\SDL.lib ..\SDLmain.lib ..\sdlgfx.lib kernel32.lib user32.lib gdi32.lib winspool.lib comdlg32.lib advapi32.lib shell32.lib ole32.lib oleaut32.lib uuid.lib odbc32.lib odbccp32.lib /MANIFEST /MANIFESTUAC:"level='asInvoker' uiAccess='false'" /manifest:embed /DEBUG /PDB:"C:\Users\Amélie\Documents\tp2-bubbleShooter\Debug\tp2-bubbleShooter.pdb" /SUBSYSTEM:WINDOWS /TLBID:1 /DYNAMICBASE /NXCOMPAT /IMPLIB:"C:\Users\Amélie\Documents\tp2-bubbleShooter\Debug\tp2-bubbleShooter.lib" /MACHINE:X86 Debug\bubble.obj
         Debug\bubbleShooterUtil.obj
         Debug\canon.obj
         Debug\gameGrid.obj
         Debug\main.obj
         tp2-bubbleShooter.vcxproj -> C:\Users\Amélie\Documents\tp2-bubbleShooter\Debug\tp2-bubbleShooter.exe
     1>Génération du projet "C:\Users\Amélie\Documents\tp2-bubbleShooter\tp2-bubbleShooter\tp2-bubbleShooter.vcxproj" terminée (Build cible(s)).

La génération a réussi.

Temps écoulé 00:00:04.45
